<?xml version="1.0" encoding="utf-8"?><testsuites><testsuite name="pytest" errors="0" failures="0" skipped="0" tests="25" time="0.295" timestamp="2023-12-06T10:06:28.279155" hostname="fv-az1055-960"><testcase classname="tests.test_main.TestDBandTable" name="test_create_database" time="0.026" /><testcase classname="tests.test_main.TestDBandTable" name="test_create_table[abcd-expectation0]" time="0.017" /><testcase classname="tests.test_main.TestDBandTable" name="test_create_table[ABCD-expectation1]" time="0.012" /><testcase classname="tests.test_main.TestDBandTable" name="test_create_table[123-expectation2]" time="0.009" /><testcase classname="tests.test_main.TestDBandTable" name="test_create_table[A3D5b-expectation3]" time="0.017" /><testcase classname="tests.test_main.TestDBandTable" name="test_create_table[/45ppo-expectation4]" time="0.009" /><testcase classname="tests.test_main.TestDBandTable" name="test_create_table[calc.py-expectation5]" time="0.008" /><testcase classname="tests.add_item_tests.test_add_item.TestItems" name="test_with_correct_argument" time="0.016" /><testcase classname="tests.add_item_tests.test_add_item.TestItems" name="test_add_item[xiaomi-1000--expectation0]" time="0.002" /><testcase classname="tests.add_item_tests.test_add_item.TestItems" name="test_add_item[--items_and_price.json-expectation1]" time="0.015" /><testcase classname="tests.add_item_tests.test_add_item.TestItems" name="test_add_item[---expectation2]" time="0.001" /><testcase classname="tests.add_item_tests.test_add_item.TestItems" name="test_add_item[one-1.34--expectation3]" time="0.003" /><testcase classname="tests.add_item_tests.test_add_item.TestItems" name="test_add_item[--unknowfile.txt-expectation4]" time="0.001" /><testcase classname="tests.add_item_tests.test_add_item.TestItems" name="test_add_item[one-3.45--expectation5]" time="0.002" /><testcase classname="tests.add_item_tests.test_add_item.TestItems" name="test_add_item[-100--expectation6]" time="0.001" /><testcase classname="tests.add_item_tests.test_add_item.TestItems" name="test_add_item[book-356-items_and_price.json-expectation7]" time="0.014" /><testcase classname="tests.add_item_tests.test_add_item.TestItems" name="test_add_item[comma-2,34--expectation8]" time="0.002" /><testcase classname="tests.add_item_tests.test_add_item.TestItems" name="test_add_item[comma-2,3,4--expectation9]" time="0.001" /><testcase classname="tests.delete_items_tests.test_delete_items.TestDeleteItems" name="test_if_delete_item_by_id" time="0.031" /><testcase classname="tests.delete_items_tests.test_delete_items.TestDeleteItems" name="test_delete_item_with_none_argument" time="0.000" /><testcase classname="tests.delete_items_tests.test_delete_items.TestDeleteItems" name="test_if_works_delete_item_with_different_case[:Enough]" time="0.002" /><testcase classname="tests.delete_items_tests.test_delete_items.TestDeleteItems" name="test_if_works_delete_item_with_different_case[I``ron Flame]" time="0.002" /><testcase classname="tests.delete_items_tests.test_delete_items.TestDeleteItems" name="test_if_works_delete_item_with_different_case[Iron Flame/]" time="0.002" /><testcase classname="tests.delete_items_tests.test_delete_items.TestDeleteItems" name="test_if_works_delete_item_with_different_case[0ne]" time="0.002" /><testcase classname="tests.delete_items_tests.test_delete_items.TestDeleteItems" name="test_if_works_delete_item_with_different_case[Iron Flame.]" time="0.009" /></testsuite></testsuites>